#
# There is insufficient memory for the Java Runtime Environment to continue.
# Native memory allocation (malloc) failed to allocate 23308 bytes for unable to allocate cached copy of original class bytes
# Possible reasons:
#   The system is out of physical RAM or swap space
#   In 32 bit mode, the process size limit was hit
# Possible solutions:
#   Reduce memory load on the system
#   Increase physical memory or swap space
#   Check if swap backing store is full
#   Use 64 bit Java on a 64 bit OS
#   Decrease Java heap size (-Xmx/-Xms)
#   Decrease number of Java threads
#   Decrease Java thread stack sizes (-Xss)
#   Set larger code cache with -XX:ReservedCodeCacheSize=
# This output file may be truncated or incomplete.
#
#  Out of Memory Error (jvmtiExport.cpp:627), pid=5012, tid=16144
#
# JRE version: Java(TM) SE Runtime Environment (8.0_73-b02) (build 1.8.0_73-b02)
# Java VM: Java HotSpot(TM) 64-Bit Server VM (25.73-b02 mixed mode windows-amd64 compressed oops)
# Failed to write core dump. Minidumps are not enabled by default on client versions of Windows
#

---------------  T H R E A D  ---------------

Current thread (0x0000000002e8d000):  JavaThread "main" [_thread_in_native, id=16144, stack(0x0000000002d80000,0x0000000002e80000)]

Stack: [0x0000000002d80000,0x0000000002e80000]
[error occurred during error reporting (printing stack bounds), id 0xc0000005]

Native frames: (J=compiled Java code, j=interpreted, Vv=VM code, C=native code)

Java frames: (J=compiled Java code, j=interpreted, Vv=VM code)
J 876  java.lang.ClassLoader.defineClass1(Ljava/lang/String;[BIILjava/security/ProtectionDomain;Ljava/lang/String;)Ljava/lang/Class; (0 bytes) @ 0x00000000033072df [0x0000000003307240+0x9f]
J 814 C1 java.lang.ClassLoader.defineClass(Ljava/lang/String;[BIILjava/security/ProtectionDomain;)Ljava/lang/Class; (43 bytes) @ 0x00000000032e6f8c [0x00000000032e6e60+0x12c]
J 817 C1 java.net.URLClassLoader.defineClass(Ljava/lang/String;Lsun/misc/Resource;)Ljava/lang/Class; (142 bytes) @ 0x00000000032e973c [0x00000000032e8d20+0xa1c]
J 729 C1 java.net.URLClassLoader$1.run()Ljava/lang/Class; (63 bytes) @ 0x00000000032c7e5c [0x00000000032c7d80+0xdc]
J 728 C1 java.net.URLClassLoader$1.run()Ljava/lang/Object; (5 bytes) @ 0x00000000032c7a5c [0x00000000032c7a20+0x3c]
v  ~StubRoutines::call_stub
J 727  java.security.AccessController.doPrivileged(Ljava/security/PrivilegedExceptionAction;Ljava/security/AccessControlContext;)Ljava/lang/Object; (0 bytes) @ 0x00000000032c76e6 [0x00000000032c7680+0x66]
J 488 C1 java.net.URLClassLoader.findClass(Ljava/lang/String;)Ljava/lang/Class; (47 bytes) @ 0x000000000326c0e4 [0x000000000326c020+0xc4]
j  java.lang.ClassLoader.loadClass(Ljava/lang/String;Z)Ljava/lang/Class;+70
J 718 C1 sun.misc.Launcher$AppClassLoader.loadClass(Ljava/lang/String;Z)Ljava/lang/Class; (85 bytes) @ 0x00000000032c32cc [0x00000000032c2fc0+0x30c]
J 716 C1 java.lang.ClassLoader.loadClass(Ljava/lang/String;)Ljava/lang/Class; (7 bytes) @ 0x00000000032c1ffc [0x00000000032c1fa0+0x5c]
v  ~StubRoutines::call_stub
j  io.netty.util.concurrent.DefaultEventExecutorGroup.<init>(ILjava/util/concurrent/ThreadFactory;)V+3
j  io.lettuce.core.resource.DefaultEventLoopGroupProvider.createEventLoopGroup(Ljava/lang/Class;ILio/lettuce/core/resource/DefaultEventLoopGroupProvider$ThreadFactoryProvider;)Lio/netty/util/concurrent/EventExecutorGroup;+36
j  io.lettuce.core.resource.DefaultEventLoopGroupProvider.createEventLoopGroup(Ljava/lang/Class;I)Lio/netty/util/concurrent/EventExecutorGroup;+5
j  io.lettuce.core.resource.DefaultClientResources.<init>(Lio/lettuce/core/resource/DefaultClientResources$Builder;)V+157
j  io.lettuce.core.resource.DefaultClientResources$Builder.build()Lio/lettuce/core/resource/DefaultClientResources;+5
j  io.lettuce.core.resource.DefaultClientResources.create()Lio/lettuce/core/resource/DefaultClientResources;+3
j  org.springframework.boot.autoconfigure.data.redis.LettuceConnectionConfiguration.lettuceClientResources()Lio/lettuce/core/resource/DefaultClientResources;+0
v  ~StubRoutines::call_stub
J 2103  sun.reflect.NativeMethodAccessorImpl.invoke0(Ljava/lang/reflect/Method;Ljava/lang/Object;[Ljava/lang/Object;)Ljava/lang/Object; (0 bytes) @ 0x00000000034d1d7f [0x00000000034d1d00+0x7f]
J 2102 C1 sun.reflect.NativeMethodAccessorImpl.invoke(Ljava/lang/Object;[Ljava/lang/Object;)Ljava/lang/Object; (104 bytes) @ 0x00000000034d254c [0x00000000034d2160+0x3ec]
J 1977 C1 sun.reflect.DelegatingMethodAccessorImpl.invoke(Ljava/lang/Object;[Ljava/lang/Object;)Ljava/lang/Object; (10 bytes) @ 0x00000000034a3a84 [0x00000000034a3a20+0x64]
J 1976 C1 java.lang.reflect.Method.invoke(Ljava/lang/Object;[Ljava/lang/Object;)Ljava/lang/Object; (62 bytes) @ 0x00000000034a3344 [0x00000000034a3220+0x124]
j  org.springframework.beans.factory.support.SimpleInstantiationStrategy.instantiate(Lorg/springframework/beans/factory/support/RootBeanDefinition;Ljava/lang/String;Lorg/springframework/beans/factory/BeanFactory;Ljava/lang/Object;Ljava/lang/reflect/Method;[Ljava/lang/Object;)Ljava/lang/Object;+50
j  org.springframework.beans.factory.support.ConstructorResolver.instantiate(Ljava/lang/String;Lorg/springframework/beans/factory/support/RootBeanDefinition;Ljava/lang/Object;Ljava/lang/reflect/Method;[Ljava/lang/Object;)Ljava/lang/Object;+48
j  org.springframework.beans.factory.support.ConstructorResolver.instantiateUsingFactoryMethod(Ljava/lang/String;Lorg/springframework/beans/factory/support/RootBeanDefinition;[Ljava/lang/Object;)Lorg/springframework/beans/BeanWrapper;+477
J 5712 C1 org.springframework.beans.factory.support.AbstractAutowireCapableBeanFactory.createBeanInstance(Ljava/lang/String;Lorg/springframework/beans/factory/support/RootBeanDefinition;[Ljava/lang/Object;)Lorg/springframework/beans/BeanWrapper; (253 bytes) @ 0x0000000003b9fe4c [0x0000000003b9f5e0+0x86c]
J 5731 C1 org.springframework.beans.factory.support.AbstractAutowireCapableBeanFactory.doCreateBean(Ljava/lang/String;Lorg/springframework/beans/factory/support/RootBeanDefinition;[Ljava/lang/Object;)Ljava/lang/Object; (507 bytes) @ 0x0000000003ba8b44 [0x0000000003ba89c0+0x184]
J 5946 C1 org.springframework.beans.factory.support.AbstractAutowireCapableBeanFactory.createBean(Ljava/lang/String;Lorg/springframework/beans/factory/support/RootBeanDefinition;[Ljava/lang/Object;)Ljava/lang/Object; (247 bytes) @ 0x0000000003c2b334 [0x0000000003c2ad40+0x5f4]
J 5947 C1 org.springframework.beans.factory.support.AbstractBeanFactory$$Lambda$191.getObject()Ljava/lang/Object; (20 bytes) @ 0x0000000003c2d084 [0x0000000003c2d000+0x84]
J 5744 C1 org.springframework.beans.factory.support.DefaultSingletonBeanRegistry.getSingleton(Ljava/lang/String;Lorg/springframework/beans/factory/ObjectFactory;)Ljava/lang/Object; (297 bytes) @ 0x0000000003bb1bac [0x0000000003bb16c0+0x4ec]
J 3286 C1 org.springframework.beans.factory.support.AbstractBeanFactory.doGetBean(Ljava/lang/String;Ljava/lang/Class;[Ljava/lang/Object;Z)Ljava/lang/Object; (833 bytes) @ 0x000000000370fb24 [0x000000000370f600+0x524]
J 5912 C1 org.springframework.beans.factory.support.AbstractBeanFactory.getBean(Ljava/lang/String;)Ljava/lang/Object; (9 bytes) @ 0x0000000003c19ae4 [0x0000000003c19a80+0x64]
j  org.springframework.beans.factory.support.DefaultListableBeanFactory.preInstantiateSingletons()V+248
j  org.springframework.context.support.AbstractApplicationContext.finishBeanFactoryInitialization(Lorg/springframework/beans/factory/config/ConfigurableListableBeanFactory;)V+124
j  org.springframework.context.support.AbstractApplicationContext.refresh()V+54
j  org.springframework.boot.web.servlet.context.ServletWebServerApplicationContext.refresh()V+1
j  org.springframework.boot.SpringApplication.refresh(Lorg/springframework/context/ConfigurableApplicationContext;)V+1
j  org.springframework.boot.SpringApplication.refresh(Lorg/springframework/context/ApplicationContext;)V+11
j  org.springframework.boot.SpringApplication.refreshContext(Lorg/springframework/context/ConfigurableApplicationContext;)V+2
j  org.springframework.boot.SpringApplication.run([Ljava/lang/String;)Lorg/springframework/context/ConfigurableApplicationContext;+118
j  org.springframework.boot.SpringApplication.run([Ljava/lang/Class;[Ljava/lang/String;)Lorg/springframework/context/ConfigurableApplicationContext;+9
j  org.springframework.boot.SpringApplication.run(Ljava/lang/Class;[Ljava/lang/String;)Lorg/springframework/context/ConfigurableApplicationContext;+9
j  com.apl.lms.price.exp.manage.app.LmsPriceExpManageApplication.main([Ljava/lang/String;)V+3
v  ~StubRoutines::call_stub

---------------  P R O C E S S  ---------------

Java Threads: ( => current thread )
  0x00000000222fb800 JavaThread "spring.cloud.inetutils" daemon [_thread_blocked, id=11364, stack(0x00000000239f0000,0x0000000023af0000)]
  0x00000000222fb000 JavaThread "commons-pool-evictor-thread" daemon [_thread_blocked, id=7080, stack(0x0000000023ef0000,0x0000000023ff0000)]
  0x00000000222c2000 JavaThread "ForkJoinPool.commonPool-worker-3" daemon [_thread_blocked, id=8148, stack(0x0000000023af0000,0x0000000023bf0000)]
  0x0000000022240800 JavaThread "ForkJoinPool.commonPool-worker-1" daemon [_thread_blocked, id=11616, stack(0x00000000238f0000,0x00000000239f0000)]
  0x00000000221d8000 JavaThread "Druid-ConnectionPool-Destroy-1891383964" daemon [_thread_blocked, id=4336, stack(0x00000000235f0000,0x00000000236f0000)]
  0x00000000221d7800 JavaThread "Druid-ConnectionPool-Create-1891383964" daemon [_thread_blocked, id=11672, stack(0x00000000234f0000,0x00000000235f0000)]
  0x00000000221fd000 JavaThread "mysql-cj-abandoned-connection-cleanup" daemon [_thread_blocked, id=7232, stack(0x0000000021620000,0x0000000021720000)]
  0x000000001f26f800 JavaThread "RMI Scheduler(0)" daemon [_thread_blocked, id=9700, stack(0x0000000020a20000,0x0000000020b20000)]
  0x000000001f16b000 JavaThread "RMI TCP Connection(1)-192.168.88.1" daemon [_thread_in_native, id=8680, stack(0x0000000020320000,0x0000000020420000)]
  0x000000001eea5000 JavaThread "RMI TCP Accept-0" daemon [_thread_in_native, id=16112, stack(0x000000001fe70000,0x000000001ff70000)]
  0x000000001e8a3000 JavaThread "Service Thread" daemon [_thread_blocked, id=11404, stack(0x000000001ed80000,0x000000001ee80000)]
  0x000000001e80d800 JavaThread "C1 CompilerThread2" daemon [_thread_blocked, id=11396, stack(0x000000001ec80000,0x000000001ed80000)]
  0x000000001e7f3000 JavaThread "C2 CompilerThread1" daemon [_thread_blocked, id=11392, stack(0x000000001eb80000,0x000000001ec80000)]
  0x000000001e7f2000 JavaThread "C2 CompilerThread0" daemon [_thread_blocked, id=11380, stack(0x000000001ea80000,0x000000001eb80000)]
  0x000000001c608000 JavaThread "JDWP Command Reader" daemon [_thread_in_native, id=11324, stack(0x000000001e180000,0x000000001e280000)]
  0x000000001c604800 JavaThread "JDWP Event Helper Thread" daemon [_thread_blocked, id=15976, stack(0x000000001e080000,0x000000001e180000)]
  0x000000001c5fa000 JavaThread "JDWP Transport Listener: dt_shmem" daemon [_thread_blocked, id=15972, stack(0x000000001df80000,0x000000001e080000)]
  0x000000001d9c3800 JavaThread "Attach Listener" daemon [_thread_blocked, id=8096, stack(0x000000001de80000,0x000000001df80000)]
  0x000000001c5dc800 JavaThread "Signal Dispatcher" daemon [_thread_blocked, id=8808, stack(0x000000001dd80000,0x000000001de80000)]
  0x0000000002f7d000 JavaThread "Finalizer" daemon [_thread_blocked, id=11420, stack(0x000000001d820000,0x000000001d920000)]
  0x0000000002f7a000 JavaThread "Reference Handler" daemon [_thread_blocked, id=13928, stack(0x000000001d720000,0x000000001d820000)]
=>0x0000000002e8d000 JavaThread "main" [_thread_in_native, id=16144, stack(0x0000000002d80000,0x0000000002e80000)]

Other Threads:
  0x000000001c587800 VMThread [stack: 0x000000001d620000,0x000000001d720000] [id=12628]
  0x000000001eebe000 WatcherThread [stack: 0x000000001ff70000,0x0000000020070000] [id=7076]

VM state:not at safepoint (normal execution)

VM Mutex/Monitor currently owned by a thread: None

Heap:
 PSYoungGen      total 699392K, used 140266K [0x000000076b900000, 0x00000007a9580000, 0x00000007c0000000)
  eden space 683520K, 18% used [0x000000076b900000,0x000000077327c7a8,0x0000000795480000)
  from space 15872K, 99% used [0x0000000795480000,0x00000007963fe0e0,0x0000000796400000)
  to   space 23040K, 0% used [0x00000007a7f00000,0x00000007a7f00000,0x00000007a9580000)
 ParOldGen       total 113664K, used 31900K [0x00000006c2a00000, 0x00000006c9900000, 0x000000076b900000)
  object space 113664K, 28% used [0x00000006c2a00000,0x00000006c49270a0,0x00000006c9900000)
 Metaspace       used 55916K, capacity 58888K, committed 59136K, reserved 1099776K
  class space    used 7606K, capacity 8148K, committed 8192K, reserved 1048576K

Card table byte_map: [0x0000000012440000,0x0000000012c30000] byte_map_base: 0x000000000ee2b000

Marking Bits: (ParMarkBitMap*) 0x000000005c630600
 Begin Bits: [0x0000000013580000, 0x00000000174d8000)
 End Bits:   [0x00000000174d8000, 0x000000001b430000)

Polling page: 0x0000000002940000

CodeCache: size=245760Kb used=12474Kb max_used=12474Kb free=233285Kb
 bounds [0x0000000003080000, 0x0000000003cb0000, 0x0000000012080000]
 total_blobs=6719 nmethods=6161 adapters=476
 compilation: enabled

Compilation events (10 events):
Event: 15.132 Thread 0x000000001e80d800 nmethod 6207 0x0000000003cad050 code [0x0000000003cad1a0, 0x0000000003cad2b0]
Event: 15.132 Thread 0x000000001e80d800 6208       1       org.jetbrains.capture.org.objectweb.asm.ByteVector::putShort (52 bytes)
Event: 15.133 Thread 0x000000001e80d800 nmethod 6208 0x0000000003cad310 code [0x0000000003cad480, 0x0000000003cad648]
Event: 15.133 Thread 0x000000001e80d800 6210       1       org.jetbrains.capture.org.objectweb.asm.ClassWriter::get (49 bytes)
Event: 15.133 Thread 0x000000001e80d800 nmethod 6210 0x0000000003cad790 code [0x0000000003cad900, 0x0000000003cadae8]
Event: 15.133 Thread 0x000000001e80d800 6209       1       org.jetbrains.capture.org.objectweb.asm.Item::isEqualTo (354 bytes)
Event: 15.133 Thread 0x000000001e80d800 nmethod 6209 0x0000000003cade90 code [0x0000000003cae080, 0x0000000003cae5c8]
Event: 15.134 Thread 0x000000001e80d800 6212       1       org.jetbrains.capture.org.objectweb.asm.ClassWriter::newUTF8 (70 bytes)
Event: 15.134 Thread 0x000000001e80d800 nmethod 6212 0x0000000003cae990 code [0x0000000003caeb40, 0x0000000003caee18]
Event: 15.134 Thread 0x000000001e80d800 6211       1       org.jetbrains.capture.org.objectweb.asm.ClassReader::readInt (52 bytes)

GC Heap History (10 events):
Event: 9.303 GC heap before
{Heap before GC invocations=9 (full 1):
 PSYoungGen      total 254464K, used 251823K [0x000000076b900000, 0x0000000788a80000, 0x00000007c0000000)
  eden space 240128K, 100% used [0x000000076b900000,0x000000077a380000,0x000000077a380000)
  from space 14336K, 81% used [0x000000077a380000,0x000000077aeebe18,0x000000077b180000)
  to   space 14848K, 0% used [0x0000000787c00000,0x0000000787c00000,0x0000000788a80000)
 ParOldGen       total 79360K, used 9241K [0x00000006c2a00000, 0x00000006c7780000, 0x000000076b900000)
  object space 79360K, 11% used [0x00000006c2a00000,0x00000006c3306628,0x00000006c7780000)
 Metaspace       used 32282K, capacity 33498K, committed 33536K, reserved 1079296K
  class space    used 4346K, capacity 4595K, committed 4608K, reserved 1048576K
Event: 9.309 GC heap after
Heap after GC invocations=9 (full 1):
 PSYoungGen      total 461824K, used 10706K [0x000000076b900000, 0x0000000788f80000, 0x00000007c0000000)
  eden space 446976K, 0% used [0x000000076b900000,0x000000076b900000,0x0000000786d80000)
  from space 14848K, 72% used [0x0000000787c00000,0x0000000788674a48,0x0000000788a80000)
  to   space 14848K, 0% used [0x0000000786d80000,0x0000000786d80000,0x0000000787c00000)
 ParOldGen       total 79360K, used 9249K [0x00000006c2a00000, 0x00000006c7780000, 0x000000076b900000)
  object space 79360K, 11% used [0x00000006c2a00000,0x00000006c3308628,0x00000006c7780000)
 Metaspace       used 32282K, capacity 33498K, committed 33536K, reserved 1079296K
  class space    used 4346K, capacity 4595K, committed 4608K, reserved 1048576K
}
Event: 9.426 GC heap before
{Heap before GC invocations=10 (full 1):
 PSYoungGen      total 461824K, used 457682K [0x000000076b900000, 0x0000000788f80000, 0x00000007c0000000)
  eden space 446976K, 100% used [0x000000076b900000,0x0000000786d80000,0x0000000786d80000)
  from space 14848K, 72% used [0x0000000787c00000,0x0000000788674a48,0x0000000788a80000)
  to   space 14848K, 0% used [0x0000000786d80000,0x0000000786d80000,0x0000000787c00000)
 ParOldGen       total 79360K, used 9249K [0x00000006c2a00000, 0x00000006c7780000, 0x000000076b900000)
  object space 79360K, 11% used [0x00000006c2a00000,0x00000006c3308628,0x00000006c7780000)
 Metaspace       used 32452K, capacity 33710K, committed 33920K, reserved 1079296K
  class space    used 4377K, capacity 4639K, committed 4736K, reserved 1048576K
Event: 9.433 GC heap after
Heap after GC invocations=10 (full 1):
 PSYoungGen      total 461824K, used 2371K [0x000000076b900000, 0x0000000797780000, 0x00000007c0000000)
  eden space 446976K, 0% used [0x000000076b900000,0x000000076b900000,0x0000000786d80000)
  from space 14848K, 15% used [0x0000000786d80000,0x0000000786fd0c18,0x0000000787c00000)
  to   space 15872K, 0% used [0x0000000796800000,0x0000000796800000,0x0000000797780000)
 ParOldGen       total 79360K, used 18102K [0x00000006c2a00000, 0x00000006c7780000, 0x000000076b900000)
  object space 79360K, 22% used [0x00000006c2a00000,0x00000006c3badbf0,0x00000006c7780000)
 Metaspace       used 32452K, capacity 33710K, committed 33920K, reserved 1079296K
  class space    used 4377K, capacity 4639K, committed 4736K, reserved 1048576K
}
Event: 9.711 GC heap before
{Heap before GC invocations=11 (full 1):
 PSYoungGen      total 461824K, used 280290K [0x000000076b900000, 0x0000000797780000, 0x00000007c0000000)
  eden space 446976K, 62% used [0x000000076b900000,0x000000077c867f60,0x0000000786d80000)
  from space 14848K, 15% used [0x0000000786d80000,0x0000000786fd0c18,0x0000000787c00000)
  to   space 15872K, 0% used [0x0000000796800000,0x0000000796800000,0x0000000797780000)
 ParOldGen       total 79360K, used 18102K [0x00000006c2a00000, 0x00000006c7780000, 0x000000076b900000)
  object space 79360K, 22% used [0x00000006c2a00000,0x00000006c3badbf0,0x00000006c7780000)
 Metaspace       used 34100K, capacity 35398K, committed 35496K, reserved 1079296K
  class space    used 4591K, capacity 4849K, committed 4864K, reserved 1048576K
Event: 9.716 GC heap after
Heap after GC invocations=11 (full 1):
 PSYoungGen      total 695296K, used 3963K [0x000000076b900000, 0x0000000797380000, 0x00000007c0000000)
  eden space 683520K, 0% used [0x000000076b900000,0x000000076b900000,0x0000000795480000)
  from space 11776K, 33% used [0x0000000796800000,0x0000000796bded68,0x0000000797380000)
  to   space 15872K, 0% used [0x0000000795480000,0x0000000795480000,0x0000000796400000)
 ParOldGen       total 79360K, used 19454K [0x00000006c2a00000, 0x00000006c7780000, 0x000000076b900000)
  object space 79360K, 24% used [0x00000006c2a00000,0x00000006c3cffbf0,0x00000006c7780000)
 Metaspace       used 34100K, capacity 35398K, committed 35496K, reserved 1079296K
  class space    used 4591K, capacity 4849K, committed 4864K, reserved 1048576K
}
Event: 9.716 GC heap before
{Heap before GC invocations=12 (full 2):
 PSYoungGen      total 695296K, used 3963K [0x000000076b900000, 0x0000000797380000, 0x00000007c0000000)
  eden space 683520K, 0% used [0x000000076b900000,0x000000076b900000,0x0000000795480000)
  from space 11776K, 33% used [0x0000000796800000,0x0000000796bded68,0x0000000797380000)
  to   space 15872K, 0% used [0x0000000795480000,0x0000000795480000,0x0000000796400000)
 ParOldGen       total 79360K, used 19454K [0x00000006c2a00000, 0x00000006c7780000, 0x000000076b900000)
  object space 79360K, 24% used [0x00000006c2a00000,0x00000006c3cffbf0,0x00000006c7780000)
 Metaspace       used 34100K, capacity 35398K, committed 35496K, reserved 1079296K
  class space    used 4591K, capacity 4849K, committed 4864K, reserved 1048576K
Event: 9.778 GC heap after
Heap after GC invocations=12 (full 2):
 PSYoungGen      total 695296K, used 0K [0x000000076b900000, 0x0000000797380000, 0x00000007c0000000)
  eden space 683520K, 0% used [0x000000076b900000,0x000000076b900000,0x0000000795480000)
  from space 11776K, 0% used [0x0000000796800000,0x0000000796800000,0x0000000797380000)
  to   space 15872K, 0% used [0x0000000795480000,0x0000000795480000,0x0000000796400000)
 ParOldGen       total 113664K, used 17904K [0x00000006c2a00000, 0x00000006c9900000, 0x000000076b900000)
  object space 113664K, 15% used [0x00000006c2a00000,0x00000006c3b7c2a8,0x00000006c9900000)
 Metaspace       used 34100K, capacity 35398K, committed 35496K, reserved 1079296K
  class space    used 4591K, capacity 4849K, committed 4864K, reserved 1048576K
}
Event: 14.574 GC heap before
{Heap before GC invocations=13 (full 2):
 PSYoungGen      total 695296K, used 683520K [0x000000076b900000, 0x0000000797380000, 0x00000007c0000000)
  eden space 683520K, 100% used [0x000000076b900000,0x0000000795480000,0x0000000795480000)
  from space 11776K, 0% used [0x0000000796800000,0x0000000796800000,0x0000000797380000)
  to   space 15872K, 0% used [0x0000000795480000,0x0000000795480000,0x0000000796400000)
 ParOldGen       total 113664K, used 17904K [0x00000006c2a00000, 0x00000006c9900000, 0x000000076b900000)
  object space 113664K, 15% used [0x00000006c2a00000,0x00000006c3b7c2a8,0x00000006c9900000)
 Metaspace       used 53073K, capacity 55840K, committed 56064K, reserved 1097728K
  class space    used 7130K, capacity 7614K, committed 7680K, reserved 1048576K
Event: 14.592 GC heap after
Heap after GC invocations=13 (full 2):
 PSYoungGen      total 699392K, used 15864K [0x000000076b900000, 0x00000007a9580000, 0x00000007c0000000)
  eden space 683520K, 0% used [0x000000076b900000,0x000000076b900000,0x0000000795480000)
  from space 15872K, 99% used [0x0000000795480000,0x00000007963fe0e0,0x0000000796400000)
  to   space 23040K, 0% used [0x00000007a7f00000,0x00000007a7f00000,0x00000007a9580000)
 ParOldGen       total 113664K, used 31900K [0x00000006c2a00000, 0x00000006c9900000, 0x000000076b900000)
  object space 113664K, 28% used [0x00000006c2a00000,0x00000006c49270a0,0x00000006c9900000)
 Metaspace       used 53073K, capacity 55840K, committed 56064K, reserved 1097728K
  class space    used 7130K, capacity 7614K, committed 7680K, reserved 1048576K
}

Deoptimization events (0 events):
No events

Internal exceptions (10 events):
Event: 15.102 Thread 0x0000000002e8d000 Exception <a 'java/lang/ArrayIndexOutOfBoundsException'> (0x00000007729bf0d8) thrown at [D:\re\puppet\workspace\8-2-build-windows-amd64-cygwin\jdk8u73\6086\hotspot\src\share\vm\runtime\sharedRuntime.cpp, line 605]
Event: 15.102 Thread 0x0000000002e8d000 Exception <a 'java/lang/ArrayIndexOutOfBoundsException'> (0x00000007729c2ad8) thrown at [D:\re\puppet\workspace\8-2-build-windows-amd64-cygwin\jdk8u73\6086\hotspot\src\share\vm\runtime\sharedRuntime.cpp, line 605]
Event: 15.102 Thread 0x0000000002e8d000 Exception <a 'java/lang/ArrayIndexOutOfBoundsException'> (0x00000007729ce8b0) thrown at [D:\re\puppet\workspace\8-2-build-windows-amd64-cygwin\jdk8u73\6086\hotspot\src\share\vm\runtime\sharedRuntime.cpp, line 605]
Event: 15.102 Thread 0x0000000002e8d000 Exception <a 'java/lang/ArrayIndexOutOfBoundsException'> (0x00000007729d0cd0) thrown at [D:\re\puppet\workspace\8-2-build-windows-amd64-cygwin\jdk8u73\6086\hotspot\src\share\vm\runtime\sharedRuntime.cpp, line 605]
Event: 15.102 Thread 0x0000000002e8d000 Exception <a 'java/lang/ArrayIndexOutOfBoundsException'> (0x00000007729d2b80) thrown at [D:\re\puppet\workspace\8-2-build-windows-amd64-cygwin\jdk8u73\6086\hotspot\src\share\vm\runtime\sharedRuntime.cpp, line 605]
Event: 15.102 Thread 0x0000000002e8d000 Exception <a 'java/lang/ArrayIndexOutOfBoundsException'> (0x00000007729db740) thrown at [D:\re\puppet\workspace\8-2-build-windows-amd64-cygwin\jdk8u73\6086\hotspot\src\share\vm\runtime\sharedRuntime.cpp, line 605]
Event: 15.103 Thread 0x0000000002e8d000 Exception <a 'java/lang/ArrayIndexOutOfBoundsException'> (0x00000007729e22a0) thrown at [D:\re\puppet\workspace\8-2-build-windows-amd64-cygwin\jdk8u73\6086\hotspot\src\share\vm\runtime\sharedRuntime.cpp, line 605]
Event: 15.103 Thread 0x0000000002e8d000 Exception <a 'java/lang/ArrayIndexOutOfBoundsException'> (0x00000007729e9978) thrown at [D:\re\puppet\workspace\8-2-build-windows-amd64-cygwin\jdk8u73\6086\hotspot\src\share\vm\runtime\sharedRuntime.cpp, line 605]
Event: 15.103 Thread 0x0000000002e8d000 Exception <a 'java/lang/ArrayIndexOutOfBoundsException'> (0x00000007729ebeb0) thrown at [D:\re\puppet\workspace\8-2-build-windows-amd64-cygwin\jdk8u73\6086\hotspot\src\share\vm\runtime\sharedRuntime.cpp, line 605]
Event: 15.105 Thread 0x0000000002e8d000 Exception <a 'java/lang/ArrayIndexOutOfBoundsException'> (0x0000000772a23688) thrown at [D:\re\puppet\workspace\8-2-build-windows-amd64-cygwin\jdk8u73\6086\hotspot\src\share\vm\runtime\sharedRuntime.cpp, line 605]

Events (10 events):
Event: 15.132 Thread 0x0000000002e8d000 DEOPT PACKING pc=0x000000000325630c sp=0x0000000002e7c410
Event: 15.132 Thread 0x0000000002e8d000 DEOPT UNPACKING pc=0x00000000030c787f sp=0x0000000002e7c230 mode 1
Event: 15.133 loading class com/intellij/rt/debugger/agent/CaptureAgent$CaptureInstrumentor$2
Event: 15.133 loading class com/intellij/rt/debugger/agent/CaptureAgent$CaptureInstrumentor$2 done
Event: 15.133 Thread 0x0000000002e8d000 DEOPT PACKING pc=0x000000000326c191 sp=0x0000000002e786d0
Event: 15.133 Thread 0x0000000002e8d000 DEOPT UNPACKING pc=0x00000000030c787f sp=0x0000000002e78420 mode 1
Event: 15.133 Thread 0x0000000002e8d000 DEOPT PACKING pc=0x00000000032563c4 sp=0x0000000002e78750
Event: 15.133 Thread 0x0000000002e8d000 DEOPT UNPACKING pc=0x00000000030c787f sp=0x0000000002e78570 mode 1
Event: 15.133 Thread 0x0000000002e8d000 DEOPT PACKING pc=0x000000000325630c sp=0x0000000002e788e0
Event: 15.133 Thread 0x0000000002e8d000 DEOPT UNPACKING pc=0x00000000030c787f sp=0x0000000002e78700 mode 1


Dynamic libraries:
0x00007ff6f5410000 - 0x00007ff6f5447000 	C:\Program Files\Java\jdk1.8.0_73\bin\java.exe
0x00007ffd35fa0000 - 0x00007ffd36190000 	C:\WINDOWS\SYSTEM32\ntdll.dll
0x00007ffd34b50000 - 0x00007ffd34c02000 	C:\WINDOWS\System32\KERNEL32.DLL
0x00007ffd32f20000 - 0x00007ffd331c4000 	C:\WINDOWS\System32\KERNELBASE.dll
0x00007ffd35500000 - 0x00007ffd355a3000 	C:\WINDOWS\System32\ADVAPI32.dll
0x00007ffd34140000 - 0x00007ffd341de000 	C:\WINDOWS\System32\msvcrt.dll
0x00007ffd34c10000 - 0x00007ffd34ca7000 	C:\WINDOWS\System32\sechost.dll
0x00007ffd35e40000 - 0x00007ffd35f60000 	C:\WINDOWS\System32\RPCRT4.dll
0x00007ffd35760000 - 0x00007ffd358f4000 	C:\WINDOWS\System32\USER32.dll
0x00007ffd33290000 - 0x00007ffd332b1000 	C:\WINDOWS\System32\win32u.dll
0x00007ffd35930000 - 0x00007ffd35956000 	C:\WINDOWS\System32\GDI32.dll
0x00007ffd33410000 - 0x00007ffd335a6000 	C:\WINDOWS\System32\gdi32full.dll
0x00007ffd331d0000 - 0x00007ffd3326e000 	C:\WINDOWS\System32\msvcp_win.dll
0x00007ffd33d40000 - 0x00007ffd33e3a000 	C:\WINDOWS\System32\ucrtbase.dll
0x00007ffd23cb0000 - 0x00007ffd23f34000 	C:\WINDOWS\WinSxS\amd64_microsoft.windows.common-controls_6595b64144ccf1df_6.0.18362.959_none_e6c7bbbf130c62bb\COMCTL32.dll
0x00007ffd35a70000 - 0x00007ffd35da5000 	C:\WINDOWS\System32\combase.dll
0x00007ffd33fa0000 - 0x00007ffd34020000 	C:\WINDOWS\System32\bcryptPrimitives.dll
0x00007ffd35e10000 - 0x00007ffd35e3e000 	C:\WINDOWS\System32\IMM32.DLL
0x000000005c6b0000 - 0x000000005c782000 	C:\Program Files\Java\jdk1.8.0_73\jre\bin\msvcr100.dll
0x000000005be20000 - 0x000000005c6b0000 	C:\Program Files\Java\jdk1.8.0_73\jre\bin\server\jvm.dll
0x00007ffd35920000 - 0x00007ffd35928000 	C:\WINDOWS\System32\PSAPI.DLL
0x00007ffd279c0000 - 0x00007ffd279c9000 	C:\WINDOWS\SYSTEM32\WSOCK32.dll
0x00007ffd30db0000 - 0x00007ffd30dd4000 	C:\WINDOWS\SYSTEM32\WINMM.dll
0x00007ffd355b0000 - 0x00007ffd3561f000 	C:\WINDOWS\System32\WS2_32.dll
0x00007ffd26450000 - 0x00007ffd2645a000 	C:\WINDOWS\SYSTEM32\VERSION.dll
0x00007ffd30d80000 - 0x00007ffd30dad000 	C:\WINDOWS\SYSTEM32\WINMMBASE.dll
0x00007ffd33f50000 - 0x00007ffd33f9a000 	C:\WINDOWS\System32\cfgmgr32.dll
0x000000005be10000 - 0x000000005be1f000 	C:\Program Files\Java\jdk1.8.0_73\jre\bin\verify.dll
0x000000005bde0000 - 0x000000005be09000 	C:\Program Files\Java\jdk1.8.0_73\jre\bin\java.dll
0x000000005bd40000 - 0x000000005bd75000 	C:\Program Files\Java\jdk1.8.0_73\jre\bin\jdwp.dll
0x000000005bd30000 - 0x000000005bd38000 	C:\Program Files\Java\jdk1.8.0_73\jre\bin\npt.dll
0x000000005bd00000 - 0x000000005bd23000 	C:\Program Files\Java\jdk1.8.0_73\jre\bin\instrument.dll
0x000000005bdc0000 - 0x000000005bdd6000 	C:\Program Files\Java\jdk1.8.0_73\jre\bin\zip.dll
0x00007ffd34cb0000 - 0x00007ffd35396000 	C:\WINDOWS\System32\SHELL32.dll
0x00007ffd359c0000 - 0x00007ffd35a69000 	C:\WINDOWS\System32\shcore.dll
0x00007ffd335b0000 - 0x00007ffd33d32000 	C:\WINDOWS\System32\windows.storage.dll
0x00007ffd32ef0000 - 0x00007ffd32f13000 	C:\WINDOWS\System32\profapi.dll
0x00007ffd32ea0000 - 0x00007ffd32eea000 	C:\WINDOWS\System32\powrprof.dll
0x00007ffd32e50000 - 0x00007ffd32e60000 	C:\WINDOWS\System32\UMPDC.dll
0x00007ffd35db0000 - 0x00007ffd35e02000 	C:\WINDOWS\System32\shlwapi.dll
0x00007ffd32e60000 - 0x00007ffd32e71000 	C:\WINDOWS\System32\kernel.appcore.dll
0x00007ffd33270000 - 0x00007ffd33287000 	C:\WINDOWS\System32\cryptsp.dll
0x000000005bcf0000 - 0x000000005bcfb000 	C:\Program Files\Java\jdk1.8.0_73\jre\bin\dt_shmem.dll
0x000000005bda0000 - 0x000000005bdba000 	C:\Program Files\Java\jdk1.8.0_73\jre\bin\net.dll
0x00007ffd32660000 - 0x00007ffd326c7000 	C:\WINDOWS\system32\mswsock.dll
0x00007ffd323b0000 - 0x00007ffd3247b000 	C:\WINDOWS\SYSTEM32\DNSAPI.dll
0x00007ffd34760000 - 0x00007ffd34768000 	C:\WINDOWS\System32\NSI.dll
0x00007ffd32370000 - 0x00007ffd323aa000 	C:\WINDOWS\SYSTEM32\IPHLPAPI.DLL
0x00007ffd22210000 - 0x00007ffd2221a000 	C:\Windows\System32\rasadhlp.dll
0x00007ffd283b0000 - 0x00007ffd28427000 	C:\WINDOWS\System32\fwpuclnt.dll
0x00007ffd34020000 - 0x00007ffd34046000 	C:\WINDOWS\System32\bcrypt.dll
0x000000005bce0000 - 0x000000005bced000 	C:\Program Files\Java\jdk1.8.0_73\jre\bin\management.dll
0x000000005bd80000 - 0x000000005bd91000 	C:\Program Files\Java\jdk1.8.0_73\jre\bin\nio.dll
0x00007ffd321d0000 - 0x00007ffd32203000 	C:\WINDOWS\system32\rsaenh.dll
0x00007ffd32d70000 - 0x00007ffd32d95000 	C:\WINDOWS\SYSTEM32\USERENV.dll
0x00007ffd32830000 - 0x00007ffd3283c000 	C:\WINDOWS\SYSTEM32\CRYPTBASE.dll
0x00007ffd284b0000 - 0x00007ffd284c6000 	C:\WINDOWS\SYSTEM32\dhcpcsvc6.DLL
0x00007ffd28490000 - 0x00007ffd284ac000 	C:\WINDOWS\SYSTEM32\dhcpcsvc.DLL
0x00007ffd1ed10000 - 0x00007ffd1ed26000 	C:\WINDOWS\system32\napinsp.dll
0x00007ffd1ecf0000 - 0x00007ffd1ed0a000 	C:\WINDOWS\system32\pnrpnsp.dll
0x00007ffd205c0000 - 0x00007ffd205ce000 	C:\WINDOWS\System32\winrnr.dll
0x00007ffd2f550000 - 0x00007ffd2f56c000 	C:\WINDOWS\system32\NLAapi.dll
0x00007ffd2eb00000 - 0x00007ffd2eb15000 	C:\WINDOWS\system32\wshbth.dll
0x000000005bcb0000 - 0x000000005bcd4000 	C:\Program Files\Java\jdk1.8.0_73\jre\bin\sunec.dll

VM Arguments:
jvm_args: -agentlib:jdwp=transport=dt_shmem,address=javadebug,suspend=y,server=n -XX:TieredStopAtLevel=1 -Xverify:none -Dspring.output.ansi.enabled=always -Dcom.sun.management.jmxremote -Dspring.jmx.enabled=true -Dspring.liveBeansView.mbeanDomain -Dspring.application.admin.enabled=true -javaagent:C:\Users\admin\.IntelliJIdea2019.3\system\captureAgent\debugger-agent.jar -Dfile.encoding=UTF-8 
java_command: com.apl.lms.price.exp.manage.app.LmsPriceExpManageApplication
java_class_path (initial): C:\Program Files\Java\jdk1.8.0_73\jre\lib\charsets.jar;C:\Program Files\Java\jdk1.8.0_73\jre\lib\deploy.jar;C:\Program Files\Java\jdk1.8.0_73\jre\lib\ext\access-bridge-64.jar;C:\Program Files\Java\jdk1.8.0_73\jre\lib\ext\cldrdata.jar;C:\Program Files\Java\jdk1.8.0_73\jre\lib\ext\dnsns.jar;C:\Program Files\Java\jdk1.8.0_73\jre\lib\ext\jaccess.jar;C:\Program Files\Java\jdk1.8.0_73\jre\lib\ext\jfxrt.jar;C:\Program Files\Java\jdk1.8.0_73\jre\lib\ext\localedata.jar;C:\Program Files\Java\jdk1.8.0_73\jre\lib\ext\nashorn.jar;C:\Program Files\Java\jdk1.8.0_73\jre\lib\ext\sunec.jar;C:\Program Files\Java\jdk1.8.0_73\jre\lib\ext\sunjce_provider.jar;C:\Program Files\Java\jdk1.8.0_73\jre\lib\ext\sunmscapi.jar;C:\Program Files\Java\jdk1.8.0_73\jre\lib\ext\sunpkcs11.jar;C:\Program Files\Java\jdk1.8.0_73\jre\lib\ext\zipfs.jar;C:\Program Files\Java\jdk1.8.0_73\jre\lib\javaws.jar;C:\Program Files\Java\jdk1.8.0_73\jre\lib\jce.jar;C:\Program Files\Java\jdk1.8.0_73\jre\lib\jfr.jar;C:\Program Files\Java\jdk1.8.0_73\jre\lib\jfxswt.jar;C:\Program Files\Java\jdk1.8.0_73\jre\lib\jsse.jar;C:\Program Files\Java\jdk1.8.0_73\jre\lib\management-agent.jar;C:\Program Files\Java\jdk1.8.0_73\jre\lib\plugin.jar;C:\Program Files\Java\jdk1.8.0_73\jre\lib\resources.jar;C:\Program Files\Java\jdk1.8.0_73\jre\lib\rt.jar;G:\java\apl-lms-price-exp-manage-java\apl-lms-price-exp-manage-impl-master\apl-lms-price-exp-manage-app\target\classes;G:\my_maven_local_repository\com\apl\apl-web-dependency-parent\1.0.0\apl-web-dependency-parent-1.0.0.jar;G:\my_maven_local_repository\org\springframework\boot\spring-boot-starter-web\2.3.1.RELEASE\spring-boot-starter-web-2.3.1.RELEASE.jar;G:\my_maven_local_repository\org\springframework\boot\spring-boot-starter\2.3.1.RELEASE\spring-boot-starter-2.3.1.RELEASE.jar;G:\my_maven_local_repository\org\springframework\boot\spring-boot\2.3.1.RELEASE\spring-boot-2.3.1.RELEASE.jar;G:\my_maven_local_repository\org\springframework\boot\spring-boot-autoconfigur
Launcher Type: SUN_STANDARD

Environment Variables:
PATH=C:\ProgramData\Oracle\Java\javapath;C:\WINDOWS\system32;C:\WINDOWS;C:\WINDOWS\System32\Wbem;C:\WINDOWS\System32\WindowsPowerShell\v1.0\;G:\git2019\cmd;C:\WINDOWS\System32\OpenSSH\;C:\Program Files\Java\jdk1.8.0_73\bin;G:\javasetup\gradle-6.1\bin;D:\softWare\apache-maven-3.6.1\bin;C:\Ruby26-x64\bin;C:\Users\admin\AppData\Local\Microsoft\WindowsApps;
USERNAME=admin
OS=Windows_NT
PROCESSOR_IDENTIFIER=Intel64 Family 6 Model 158 Stepping 11, GenuineIntel



---------------  S Y S T E M  ---------------

OS: Windows 10.0 , 64 bit Build 18362 (10.0.18362.959)

CPU:total 4 (4 cores per cpu, 1 threads per core) family 6 model 158 stepping 11, cmov, cx8, fxsr, mmx, sse, sse2, sse3, ssse3, sse4.1, sse4.2, popcnt, avx, avx2, aes, clmul, erms, 3dnowpref, lzcnt, tsc, tscinvbit, bmi1, bmi2, adx

Memory: 4k page, physical 16599440k(8007080k free), swap 18696592k(5120k free)

vm_info: Java HotSpot(TM) 64-Bit Server VM (25.73-b02) for windows-amd64 JRE (1.8.0_73-b02), built on Jan 29 2016 17:38:49 by "java_re" with MS VC++ 10.0 (VS2010)

time: Fri Aug 14 11:47:59 2020
elapsed time: 15 seconds (0d 0h 0m 15s)

